This file contains any messages produced by compilers while
running configure, to aid debugging if configure makes a mistake.

It was created by configure, which was
generated by GNU Autoconf 2.69.  Invocation command line was

  $ ./configure 

## --------- ##
## Platform. ##
## --------- ##

hostname = aditya-VirtualBox
uname -m = x86_64
uname -r = 4.4.0-122-generic
uname -s = Linux
uname -v = #146-Ubuntu SMP Mon Apr 23 15:34:04 UTC 2018

/usr/bin/uname -p = unknown
/bin/uname -X     = unknown

/bin/arch              = unknown
/usr/bin/arch -k       = unknown
/usr/convex/getsysinfo = unknown
/usr/bin/hostinfo      = unknown
/bin/machine           = unknown
/usr/bin/oslevel       = unknown
/bin/universe          = unknown

PATH: /usr/local/sbin
PATH: /usr/local/bin
PATH: /usr/sbin
PATH: /usr/bin
PATH: /sbin
PATH: /bin
PATH: /usr/games
PATH: /usr/local/games
PATH: /snap/bin


## ----------- ##
## Core tests. ##
## ----------- ##

configure:2085: checking for g++
configure:2101: found /usr/bin/g++
configure:2112: result: g++
configure:2139: checking for C++ compiler version
configure:2148: g++ --version >&5
g++ (Ubuntu 5.4.0-6ubuntu1~16.04.9) 5.4.0 20160609
Copyright (C) 2015 Free Software Foundation, Inc.
This is free software; see the source for copying conditions.  There is NO
warranty; not even for MERCHANTABILITY or FITNESS FOR A PARTICULAR PURPOSE.

configure:2159: $? = 0
configure:2148: g++ -v >&5
Using built-in specs.
COLLECT_GCC=g++
COLLECT_LTO_WRAPPER=/usr/lib/gcc/x86_64-linux-gnu/5/lto-wrapper
Target: x86_64-linux-gnu
Configured with: ../src/configure -v --with-pkgversion='Ubuntu 5.4.0-6ubuntu1~16.04.9' --with-bugurl=file:///usr/share/doc/gcc-5/README.Bugs --enable-languages=c,ada,c++,java,go,d,fortran,objc,obj-c++ --prefix=/usr --program-suffix=-5 --enable-shared --enable-linker-build-id --libexecdir=/usr/lib --without-included-gettext --enable-threads=posix --libdir=/usr/lib --enable-nls --with-sysroot=/ --enable-clocale=gnu --enable-libstdcxx-debug --enable-libstdcxx-time=yes --with-default-libstdcxx-abi=new --enable-gnu-unique-object --disable-vtable-verify --enable-libmpx --enable-plugin --with-system-zlib --disable-browser-plugin --enable-java-awt=gtk --enable-gtk-cairo --with-java-home=/usr/lib/jvm/java-1.5.0-gcj-5-amd64/jre --enable-java-home --with-jvm-root-dir=/usr/lib/jvm/java-1.5.0-gcj-5-amd64 --with-jvm-jar-dir=/usr/lib/jvm-exports/java-1.5.0-gcj-5-amd64 --with-arch-directory=amd64 --with-ecj-jar=/usr/share/java/eclipse-ecj.jar --enable-objc-gc --enable-multiarch --disable-werror --with-arch-32=i686 --with-abi=m64 --with-multilib-list=m32,m64,mx32 --enable-multilib --with-tune=generic --enable-checking=release --build=x86_64-linux-gnu --host=x86_64-linux-gnu --target=x86_64-linux-gnu
Thread model: posix
gcc version 5.4.0 20160609 (Ubuntu 5.4.0-6ubuntu1~16.04.9) 
configure:2159: $? = 0
configure:2148: g++ -V >&5
g++: error: unrecognized command line option '-V'
g++: fatal error: no input files
compilation terminated.
configure:2159: $? = 1
configure:2148: g++ -qversion >&5
g++: error: unrecognized command line option '-qversion'
g++: fatal error: no input files
compilation terminated.
configure:2159: $? = 1
configure:2179: checking whether the C++ compiler works
configure:2201: g++    conftest.cpp  >&5
configure:2205: $? = 0
configure:2253: result: yes
configure:2256: checking for C++ compiler default output file name
configure:2258: result: a.out
configure:2264: checking for suffix of executables
configure:2271: g++ -o conftest    conftest.cpp  >&5
configure:2275: $? = 0
configure:2297: result: 
configure:2319: checking whether we are cross compiling
configure:2327: g++ -o conftest    conftest.cpp  >&5
configure:2331: $? = 0
configure:2338: ./conftest
configure:2342: $? = 0
configure:2357: result: no
configure:2362: checking for suffix of object files
configure:2384: g++ -c   conftest.cpp >&5
configure:2388: $? = 0
configure:2409: result: o
configure:2413: checking whether we are using the GNU C++ compiler
configure:2432: g++ -c   conftest.cpp >&5
configure:2432: $? = 0
configure:2441: result: yes
configure:2450: checking whether g++ accepts -g
configure:2470: g++ -c -g  conftest.cpp >&5
configure:2470: $? = 0
configure:2511: result: yes
configure:2540: checking how to run the C++ preprocessor
configure:2567: g++ -E  conftest.cpp
configure:2567: $? = 0
configure:2581: g++ -E  conftest.cpp
conftest.cpp:9:28: fatal error: ac_nonexistent.h: No such file or directory
compilation terminated.
configure:2581: $? = 1
configure: failed program was:
| /* confdefs.h */
| #define PACKAGE_NAME ""
| #define PACKAGE_TARNAME ""
| #define PACKAGE_VERSION ""
| #define PACKAGE_STRING ""
| #define PACKAGE_BUGREPORT ""
| #define PACKAGE_URL ""
| /* end confdefs.h.  */
| #include <ac_nonexistent.h>
configure:2606: result: g++ -E
configure:2626: g++ -E  conftest.cpp
configure:2626: $? = 0
configure:2640: g++ -E  conftest.cpp
conftest.cpp:9:28: fatal error: ac_nonexistent.h: No such file or directory
compilation terminated.
configure:2640: $? = 1
configure: failed program was:
| /* confdefs.h */
| #define PACKAGE_NAME ""
| #define PACKAGE_TARNAME ""
| #define PACKAGE_VERSION ""
| #define PACKAGE_STRING ""
| #define PACKAGE_BUGREPORT ""
| #define PACKAGE_URL ""
| /* end confdefs.h.  */
| #include <ac_nonexistent.h>
configure:2669: checking for grep that handles long lines and -e
configure:2727: result: /bin/grep
configure:2732: checking for egrep
configure:2794: result: /bin/grep -E
configure:2799: checking for ANSI C header files
configure:2819: g++ -c -g -O2  conftest.cpp >&5
configure:2819: $? = 0
configure:2892: g++ -o conftest -g -O2   conftest.cpp  >&5
configure:2892: $? = 0
configure:2892: ./conftest
configure:2892: $? = 0
configure:2903: result: yes
configure:2916: checking for sys/types.h
configure:2916: g++ -c -g -O2  conftest.cpp >&5
configure:2916: $? = 0
configure:2916: result: yes
configure:2916: checking for sys/stat.h
configure:2916: g++ -c -g -O2  conftest.cpp >&5
configure:2916: $? = 0
configure:2916: result: yes
configure:2916: checking for stdlib.h
configure:2916: g++ -c -g -O2  conftest.cpp >&5
configure:2916: $? = 0
configure:2916: result: yes
configure:2916: checking for string.h
configure:2916: g++ -c -g -O2  conftest.cpp >&5
configure:2916: $? = 0
configure:2916: result: yes
configure:2916: checking for memory.h
configure:2916: g++ -c -g -O2  conftest.cpp >&5
configure:2916: $? = 0
configure:2916: result: yes
configure:2916: checking for strings.h
configure:2916: g++ -c -g -O2  conftest.cpp >&5
configure:2916: $? = 0
configure:2916: result: yes
configure:2916: checking for inttypes.h
configure:2916: g++ -c -g -O2  conftest.cpp >&5
configure:2916: $? = 0
configure:2916: result: yes
configure:2916: checking for stdint.h
configure:2916: g++ -c -g -O2  conftest.cpp >&5
configure:2916: $? = 0
configure:2916: result: yes
configure:2916: checking for unistd.h
configure:2916: g++ -c -g -O2  conftest.cpp >&5
configure:2916: $? = 0
configure:2916: result: yes
configure:2928: checking zlib.h usability
configure:2928: g++ -c -g -O2  conftest.cpp >&5
configure:2928: $? = 0
configure:2928: result: yes
configure:2928: checking zlib.h presence
configure:2928: g++ -E  conftest.cpp
configure:2928: $? = 0
configure:2928: result: yes
configure:2928: checking for zlib.h
configure:2928: result: yes
configure:2948: checking gsl/gsl_cdf.h usability
configure:2948: g++ -c -g -O2 -I/usr/local//include conftest.cpp >&5
configure:2948: $? = 0
configure:2948: result: yes
configure:2948: checking gsl/gsl_cdf.h presence
configure:2948: g++ -E -I/usr/local//include conftest.cpp
configure:2948: $? = 0
configure:2948: result: yes
configure:2948: checking for gsl/gsl_cdf.h
configure:2948: result: yes
configure:3149: creating ./config.status

## ---------------------- ##
## Running config.status. ##
## ---------------------- ##

This file was extended by config.status, which was
generated by GNU Autoconf 2.69.  Invocation command line was

  CONFIG_FILES    = 
  CONFIG_HEADERS  = 
  CONFIG_LINKS    = 
  CONFIG_COMMANDS = 
  $ ./config.status 

on aditya-VirtualBox

config.status:727: creating Makefile

## ---------------- ##
## Cache variables. ##
## ---------------- ##

ac_cv_cxx_compiler_gnu=yes
ac_cv_env_CCC_set=
ac_cv_env_CCC_value=
ac_cv_env_CPPFLAGS_set=
ac_cv_env_CPPFLAGS_value=
ac_cv_env_CXXCPP_set=
ac_cv_env_CXXCPP_value=
ac_cv_env_CXXFLAGS_set=
ac_cv_env_CXXFLAGS_value=
ac_cv_env_CXX_set=
ac_cv_env_CXX_value=
ac_cv_env_LDFLAGS_set=
ac_cv_env_LDFLAGS_value=
ac_cv_env_LIBS_set=
ac_cv_env_LIBS_value=
ac_cv_env_build_alias_set=
ac_cv_env_build_alias_value=
ac_cv_env_host_alias_set=
ac_cv_env_host_alias_value=
ac_cv_env_target_alias_set=
ac_cv_env_target_alias_value=
ac_cv_header_gsl_gsl_cdf_h=yes
ac_cv_header_inttypes_h=yes
ac_cv_header_memory_h=yes
ac_cv_header_stdc=yes
ac_cv_header_stdint_h=yes
ac_cv_header_stdlib_h=yes
ac_cv_header_string_h=yes
ac_cv_header_strings_h=yes
ac_cv_header_sys_stat_h=yes
ac_cv_header_sys_types_h=yes
ac_cv_header_unistd_h=yes
ac_cv_header_zlib_h=yes
ac_cv_objext=o
ac_cv_path_EGREP='/bin/grep -E'
ac_cv_path_GREP=/bin/grep
ac_cv_prog_CXXCPP='g++ -E'
ac_cv_prog_ac_ct_CXX=g++
ac_cv_prog_cxx_g=yes

## ----------------- ##
## Output variables. ##
## ----------------- ##

CPPFLAGS='-I/usr/local//include'
CXX='g++'
CXXCPP='g++ -E'
CXXFLAGS='-g -O2'
DEFS='-DPACKAGE_NAME=\"\" -DPACKAGE_TARNAME=\"\" -DPACKAGE_VERSION=\"\" -DPACKAGE_STRING=\"\" -DPACKAGE_BUGREPORT=\"\" -DPACKAGE_URL=\"\" -DSTDC_HEADERS=1 -DHAVE_SYS_TYPES_H=1 -DHAVE_SYS_STAT_H=1 -DHAVE_STDLIB_H=1 -DHAVE_STRING_H=1 -DHAVE_MEMORY_H=1 -DHAVE_STRINGS_H=1 -DHAVE_INTTYPES_H=1 -DHAVE_STDINT_H=1 -DHAVE_UNISTD_H=1'
ECHO_C=''
ECHO_N='-n'
ECHO_T=''
EGREP='/bin/grep -E'
EXEEXT=''
GREP='/bin/grep'
LDFLAGS=''
LIBOBJS=''
LIBS=''
LTLIBOBJS=''
OBJEXT='o'
PACKAGE_BUGREPORT=''
PACKAGE_NAME=''
PACKAGE_STRING=''
PACKAGE_TARNAME=''
PACKAGE_URL=''
PACKAGE_VERSION=''
PATH_SEPARATOR=':'
SHELL='/bin/bash'
ac_ct_CXX='g++'
amcppflags=''
bindir='${exec_prefix}/bin'
build_alias=''
datadir='${datarootdir}'
datarootdir='${prefix}/share'
docdir='${datarootdir}/doc/${PACKAGE}'
dvidir='${docdir}'
exec_prefix='${prefix}'
host_alias=''
htmldir='${docdir}'
includedir='${prefix}/include'
infodir='${datarootdir}/info'
libdir='${exec_prefix}/lib'
libexecdir='${exec_prefix}/libexec'
localedir='${datarootdir}/locale'
localstatedir='${prefix}/var'
mandir='${datarootdir}/man'
mathinc='/usr/local//include'
mathlib='-L/usr/local//lib -lgsl -lgslcblas'
oldincludedir='/usr/include'
pdfdir='${docdir}'
prefix='/usr/local'
program_transform_name='s,x,x,'
psdir='${docdir}'
runstatedir='${localstatedir}/run'
sbindir='${exec_prefix}/sbin'
sharedstatedir='${prefix}/com'
sysconfdir='${prefix}/etc'
target_alias=''

## ----------- ##
## confdefs.h. ##
## ----------- ##

/* confdefs.h */
#define PACKAGE_NAME ""
#define PACKAGE_TARNAME ""
#define PACKAGE_VERSION ""
#define PACKAGE_STRING ""
#define PACKAGE_BUGREPORT ""
#define PACKAGE_URL ""
#define STDC_HEADERS 1
#define HAVE_SYS_TYPES_H 1
#define HAVE_SYS_STAT_H 1
#define HAVE_STDLIB_H 1
#define HAVE_STRING_H 1
#define HAVE_MEMORY_H 1
#define HAVE_STRINGS_H 1
#define HAVE_INTTYPES_H 1
#define HAVE_STDINT_H 1
#define HAVE_UNISTD_H 1

configure: exit 0
